<?xml version="1.0" encoding="UTF-8"?>
<!-- Generated by org.testng.reporters.JUnitReportReporter -->
<testsuite hostname="ANAND-SOLAPUR" failures="0" tests="1" name="RestAssuredAPI.APIAutomation.Basics3" time="4.981" errors="0" timestamp="2024-01-11T12:28:07 IST" skipped="0">
  <testcase classname="RestAssuredAPI.APIAutomation.Basics3" name="createUserUsingJson" time="4.981"/>
  <system-out/>
</testsuite> <!-- RestAssuredAPI.APIAutomation.Basics3 -->
