<?xml version="1.0" encoding="UTF-8"?>
<!-- Generated by org.testng.reporters.JUnitReportReporter -->
<testsuite hostname="ANAND-SOLAPUR" failures="0" tests="3" name="RestAssuredAPI.APIAutomation.Basics" time="3.175" errors="0" timestamp="2024-01-10T14:35:31 IST" skipped="0">
  <testcase classname="RestAssuredAPI.APIAutomation.Basics" name="getUsers" time="1.902"/>
  <system-out/>
  <testcase classname="RestAssuredAPI.APIAutomation.Basics" name="creatUser" time="0.760"/>
  <system-out/>
  <testcase classname="RestAssuredAPI.APIAutomation.Basics" name="updateuser" time="0.513"/>
  <system-out/>
</testsuite> <!-- RestAssuredAPI.APIAutomation.Basics -->
