<?xml version="1.0" encoding="UTF-8"?>
<!-- Generated by org.testng.reporters.JUnitReportReporter -->
<testsuite hostname="ANAND-SOLAPUR" failures="0" tests="1" name="RestAssuredAPI.APIAutomation.Basics4" time="5.241" errors="0" timestamp="2024-01-11T12:37:13 IST" skipped="0">
  <testcase classname="RestAssuredAPI.APIAutomation.Basics4" name="createUserUsingJson" time="5.241"/>
  <system-out/>
</testsuite> <!-- RestAssuredAPI.APIAutomation.Basics4 -->
