<?xml version="1.0" encoding="UTF-8"?>
<!-- Generated by org.testng.reporters.JUnitReportReporter -->
<testsuite hostname="ANAND-SOLAPUR" failures="0" tests="1" name="RestAssuredAPI.APIAutomation.FakerDataCreator" time="0.432" errors="0" timestamp="2024-01-22T19:02:57 IST" skipped="0">
  <testcase classname="RestAssuredAPI.APIAutomation.FakerDataCreator" name="generateDummyTestData" time="0.432"/>
  <system-out/>
</testsuite> <!-- RestAssuredAPI.APIAutomation.FakerDataCreator -->
