<?xml version="1.0" encoding="UTF-8"?>
<!-- Generated by org.testng.reporters.JUnitReportReporter -->
<testsuite hostname="ANAND-SOLAPUR" failures="0" tests="2" name="RestAssuredAPI.APIAutomation.PostUserUsingPOJO" time="5.278" errors="0" timestamp="2024-01-11T13:06:29 IST" skipped="0">
  <testcase classname="RestAssuredAPI.APIAutomation.PostUserUsingPOJO" name="deleteUser" time="0.739"/>
  <system-out/>
  <testcase classname="RestAssuredAPI.APIAutomation.PostUserUsingPOJO" name="createUserUsingExternalJsonFile" time="4.539"/>
  <system-out/>
</testsuite> <!-- RestAssuredAPI.APIAutomation.PostUserUsingPOJO -->
