<?xml version="1.0" encoding="UTF-8"?>
<!-- Generated by org.testng.reporters.JUnitReportReporter -->
<testsuite hostname="ANAND-SOLAPUR" failures="0" tests="1" name="RestAssuredAPI.APIAutomation.authenticationTest" time="5.278" errors="0" timestamp="2024-01-22T10:55:21 IST" skipped="0">
  <testcase classname="RestAssuredAPI.APIAutomation.authenticationTest" name="testBearerAuthentication" time="5.278"/>
  <system-out/>
</testsuite> <!-- RestAssuredAPI.APIAutomation.authenticationTest -->
