<?xml version="1.0" encoding="UTF-8"?>
<!-- Generated by org.testng.reporters.JUnitReportReporter -->
<testsuite hostname="ANAND-SOLAPUR" failures="0" tests="1" name="RestAssuredAPI.APIAutomation.testXMLResponse" time="4.126" errors="0" timestamp="2024-01-18T12:17:36 IST" skipped="0">
  <testcase classname="RestAssuredAPI.APIAutomation.testXMLResponse" name="parsingXMLresponse" time="4.126"/>
  <system-out/>
</testsuite> <!-- RestAssuredAPI.APIAutomation.testXMLResponse -->
