<?xml version="1.0" encoding="UTF-8"?>
<!-- Generated by org.testng.reporters.JUnitReportReporter -->
<testsuite hostname="ANAND-SOLAPUR" failures="0" tests="1" name="RestAssuredAPI.APIAutomation.Basics2" time="3.067" errors="0" timestamp="2024-01-11T12:03:07 IST" skipped="0">
  <testcase classname="RestAssuredAPI.APIAutomation.Basics2" name="deleteUser" time="3.067"/>
  <system-out/>
</testsuite> <!-- RestAssuredAPI.APIAutomation.Basics2 -->
